六月 21, 2018 12:24:52 下午 org.apache.catalina.startup.VersionLoggerListener log
INFO: Server version:        Apache Tomcat/7.0.73
六月 21, 2018 12:24:52 下午 org.apache.catalina.startup.VersionLoggerListener log
INFO: Server built:          Nov 7 2016 21:27:23 UTC
六月 21, 2018 12:24:52 下午 org.apache.catalina.startup.VersionLoggerListener log
INFO: Server number:         7.0.73.0
六月 21, 2018 12:24:52 下午 org.apache.catalina.startup.VersionLoggerListener log
INFO: OS Name:               Windows 8
六月 21, 2018 12:24:52 下午 org.apache.catalina.startup.VersionLoggerListener log
INFO: OS Version:            6.2
六月 21, 2018 12:24:52 下午 org.apache.catalina.startup.VersionLoggerListener log
INFO: Architecture:          amd64
六月 21, 2018 12:24:52 下午 org.apache.catalina.startup.VersionLoggerListener log
INFO: Java Home:             E:\software\jdk1.7.0_15\jre
六月 21, 2018 12:24:52 下午 org.apache.catalina.startup.VersionLoggerListener log
INFO: JVM Version:           1.7.0_15-b03
六月 21, 2018 12:24:52 下午 org.apache.catalina.startup.VersionLoggerListener log
INFO: JVM Vendor:            Oracle Corporation
六月 21, 2018 12:24:52 下午 org.apache.catalina.startup.VersionLoggerListener log
INFO: CATALINA_BASE:         E:\software\jt\1801\tomcats\tomcat-8091
六月 21, 2018 12:24:52 下午 org.apache.catalina.startup.VersionLoggerListener log
INFO: CATALINA_HOME:         E:\software\jt\1801\tomcats\tomcat-8091
六月 21, 2018 12:24:52 下午 org.apache.catalina.startup.VersionLoggerListener log
INFO: Command line argument: -Djdk.tls.ephemeralDHKeySize=2048
六月 21, 2018 12:24:52 下午 org.apache.catalina.startup.VersionLoggerListener log
INFO: Command line argument: -Djava.util.logging.config.file=E:\software\jt\1801\tomcats\tomcat-8091\conf\logging.properties
六月 21, 2018 12:24:52 下午 org.apache.catalina.startup.VersionLoggerListener log
INFO: Command line argument: -Djava.util.logging.manager=org.apache.juli.ClassLoaderLogManager
六月 21, 2018 12:24:52 下午 org.apache.catalina.startup.VersionLoggerListener log
INFO: Command line argument: -Djava.endorsed.dirs=E:\software\jt\1801\tomcats\tomcat-8091\endorsed
六月 21, 2018 12:24:52 下午 org.apache.catalina.startup.VersionLoggerListener log
INFO: Command line argument: -Dcatalina.base=E:\software\jt\1801\tomcats\tomcat-8091
六月 21, 2018 12:24:52 下午 org.apache.catalina.startup.VersionLoggerListener log
INFO: Command line argument: -Dcatalina.home=E:\software\jt\1801\tomcats\tomcat-8091
六月 21, 2018 12:24:52 下午 org.apache.catalina.startup.VersionLoggerListener log
INFO: Command line argument: -Djava.io.tmpdir=E:\software\jt\1801\tomcats\tomcat-8091\temp
六月 21, 2018 12:24:52 下午 org.apache.catalina.core.AprLifecycleListener lifecycleEvent
INFO: The APR based Apache Tomcat Native library which allows optimal performance in production environments was not found on the java.library.path: E:\software\jdk1.7.0_15\bin;C:\WINDOWS\Sun\Java\bin;C:\WINDOWS\system32;C:\WINDOWS;C:\Program Files (x86)\Intel\iCLS Client\;C:\Program Files\Intel\iCLS Client\;C:\WINDOWS\system32;C:\WINDOWS;C:\WINDOWS\System32\Wbem;C:\WINDOWS\System32\WindowsPowerShell\v1.0\;C:\Program Files (x86)\Intel\Intel(R) Management Engine Components\DAL;C:\Program Files\Intel\Intel(R) Management Engine Components\DAL;C:\Program Files (x86)\Intel\Intel(R) Management Engine Components\IPT;C:\Program Files\Intel\Intel(R) Management Engine Components\IPT;E:\software\jdk1.7.0_15\bin;E:\software\apache-maven-3.5.0\bin;E:\software\MySQL Server 5.5\bin;C:\Program Files\Intel\WiFi\bin\;C:\Program Files\Common Files\Intel\WirelessCommon\;C:\WINDOWS\System32\OpenSSH\;C:\Users\LYJ\AppData\Local\Microsoft\WindowsApps;;.
六月 21, 2018 12:24:53 下午 org.apache.coyote.AbstractProtocol init
INFO: Initializing ProtocolHandler ["http-bio-8091"]
六月 21, 2018 12:24:53 下午 org.apache.coyote.AbstractProtocol init
SEVERE: Failed to initialize end point associated with ProtocolHandler ["http-bio-8091"]
java.net.BindException: Address already in use: JVM_Bind <null>:8091
	at org.apache.tomcat.util.net.JIoEndpoint.bind(JIoEndpoint.java:413)
	at org.apache.tomcat.util.net.AbstractEndpoint.init(AbstractEndpoint.java:665)
	at org.apache.coyote.AbstractProtocol.init(AbstractProtocol.java:452)
	at org.apache.coyote.http11.AbstractHttp11JsseProtocol.init(AbstractHttp11JsseProtocol.java:119)
	at org.apache.catalina.connector.Connector.initInternal(Connector.java:978)
	at org.apache.catalina.util.LifecycleBase.init(LifecycleBase.java:102)
	at org.apache.catalina.core.StandardService.initInternal(StandardService.java:560)
	at org.apache.catalina.util.LifecycleBase.init(LifecycleBase.java:102)
	at org.apache.catalina.core.StandardServer.initInternal(StandardServer.java:840)
	at org.apache.catalina.util.LifecycleBase.init(LifecycleBase.java:102)
	at org.apache.catalina.startup.Catalina.load(Catalina.java:642)
	at org.apache.catalina.startup.Catalina.load(Catalina.java:667)
	at sun.reflect.NativeMethodAccessorImpl.invoke0(Native Method)
	at sun.reflect.NativeMethodAccessorImpl.invoke(NativeMethodAccessorImpl.java:57)
	at sun.reflect.DelegatingMethodAccessorImpl.invoke(DelegatingMethodAccessorImpl.java:43)
	at java.lang.reflect.Method.invoke(Method.java:601)
	at org.apache.catalina.startup.Bootstrap.load(Bootstrap.java:253)
	at org.apache.catalina.startup.Bootstrap.main(Bootstrap.java:427)
Caused by: java.net.BindException: Address already in use: JVM_Bind
	at java.net.DualStackPlainSocketImpl.bind0(Native Method)
	at java.net.DualStackPlainSocketImpl.socketBind(DualStackPlainSocketImpl.java:96)
	at java.net.AbstractPlainSocketImpl.bind(AbstractPlainSocketImpl.java:376)
	at java.net.PlainSocketImpl.bind(PlainSocketImpl.java:175)
	at java.net.ServerSocket.bind(ServerSocket.java:376)
	at java.net.ServerSocket.<init>(ServerSocket.java:237)
	at java.net.ServerSocket.<init>(ServerSocket.java:181)
	at org.apache.tomcat.util.net.DefaultServerSocketFactory.createSocket(DefaultServerSocketFactory.java:49)
	at org.apache.tomcat.util.net.JIoEndpoint.bind(JIoEndpoint.java:400)
	... 17 more

六月 21, 2018 12:24:53 下午 org.apache.catalina.core.StandardService initInternal
SEVERE: Failed to initialize connector [Connector[HTTP/1.1-8091]]
org.apache.catalina.LifecycleException: Failed to initialize component [Connector[HTTP/1.1-8091]]
	at org.apache.catalina.util.LifecycleBase.init(LifecycleBase.java:107)
	at org.apache.catalina.core.StandardService.initInternal(StandardService.java:560)
	at org.apache.catalina.util.LifecycleBase.init(LifecycleBase.java:102)
	at org.apache.catalina.core.StandardServer.initInternal(StandardServer.java:840)
	at org.apache.catalina.util.LifecycleBase.init(LifecycleBase.java:102)
	at org.apache.catalina.startup.Catalina.load(Catalina.java:642)
	at org.apache.catalina.startup.Catalina.load(Catalina.java:667)
	at sun.reflect.NativeMethodAccessorImpl.invoke0(Native Method)
	at sun.reflect.NativeMethodAccessorImpl.invoke(NativeMethodAccessorImpl.java:57)
	at sun.reflect.DelegatingMethodAccessorImpl.invoke(DelegatingMethodAccessorImpl.java:43)
	at java.lang.reflect.Method.invoke(Method.java:601)
	at org.apache.catalina.startup.Bootstrap.load(Bootstrap.java:253)
	at org.apache.catalina.startup.Bootstrap.main(Bootstrap.java:427)
Caused by: org.apache.catalina.LifecycleException: Protocol handler initialization failed
	at org.apache.catalina.connector.Connector.initInternal(Connector.java:980)
	at org.apache.catalina.util.LifecycleBase.init(LifecycleBase.java:102)
	... 12 more
Caused by: java.net.BindException: Address already in use: JVM_Bind <null>:8091
	at org.apache.tomcat.util.net.JIoEndpoint.bind(JIoEndpoint.java:413)
	at org.apache.tomcat.util.net.AbstractEndpoint.init(AbstractEndpoint.java:665)
	at org.apache.coyote.AbstractProtocol.init(AbstractProtocol.java:452)
	at org.apache.coyote.http11.AbstractHttp11JsseProtocol.init(AbstractHttp11JsseProtocol.java:119)
	at org.apache.catalina.connector.Connector.initInternal(Connector.java:978)
	... 13 more
Caused by: java.net.BindException: Address already in use: JVM_Bind
	at java.net.DualStackPlainSocketImpl.bind0(Native Method)
	at java.net.DualStackPlainSocketImpl.socketBind(DualStackPlainSocketImpl.java:96)
	at java.net.AbstractPlainSocketImpl.bind(AbstractPlainSocketImpl.java:376)
	at java.net.PlainSocketImpl.bind(PlainSocketImpl.java:175)
	at java.net.ServerSocket.bind(ServerSocket.java:376)
	at java.net.ServerSocket.<init>(ServerSocket.java:237)
	at java.net.ServerSocket.<init>(ServerSocket.java:181)
	at org.apache.tomcat.util.net.DefaultServerSocketFactory.createSocket(DefaultServerSocketFactory.java:49)
	at org.apache.tomcat.util.net.JIoEndpoint.bind(JIoEndpoint.java:400)
	... 17 more

六月 21, 2018 12:24:53 下午 org.apache.coyote.AbstractProtocol init
INFO: Initializing ProtocolHandler ["ajp-bio-8009"]
六月 21, 2018 12:24:53 下午 org.apache.catalina.startup.Catalina load
INFO: Initialization processed in 2167 ms
六月 21, 2018 12:24:53 下午 org.apache.catalina.core.StandardService startInternal
INFO: Starting service Catalina
六月 21, 2018 12:24:53 下午 org.apache.catalina.core.StandardEngine startInternal
INFO: Starting Servlet Engine: Apache Tomcat/7.0.73
六月 21, 2018 12:24:53 下午 org.apache.catalina.startup.HostConfig deployWAR
INFO: Deploying web application archive E:\software\jt\1801\tomcats\tomcat-8091\webapps\ROOT.war
六月 21, 2018 12:24:58 下午 org.apache.catalina.startup.TldConfig execute
INFO: At least one JAR was scanned for TLDs yet contained no TLDs. Enable debug logging for this logger for a complete list of JARs that were scanned but no TLDs were found in them. Skipping unneeded JARs during scanning can improve startup time and JSP compilation time.
六月 21, 2018 12:25:32 下午 org.apache.catalina.startup.VersionLoggerListener log
INFO: Server version:        Apache Tomcat/7.0.73
六月 21, 2018 12:25:32 下午 org.apache.catalina.startup.VersionLoggerListener log
INFO: Server built:          Nov 7 2016 21:27:23 UTC
六月 21, 2018 12:25:32 下午 org.apache.catalina.startup.VersionLoggerListener log
INFO: Server number:         7.0.73.0
六月 21, 2018 12:25:32 下午 org.apache.catalina.startup.VersionLoggerListener log
INFO: OS Name:               Windows 8
六月 21, 2018 12:25:32 下午 org.apache.catalina.startup.VersionLoggerListener log
INFO: OS Version:            6.2
六月 21, 2018 12:25:32 下午 org.apache.catalina.startup.VersionLoggerListener log
INFO: Architecture:          amd64
六月 21, 2018 12:25:32 下午 org.apache.catalina.startup.VersionLoggerListener log
INFO: Java Home:             E:\software\jdk1.7.0_15\jre
六月 21, 2018 12:25:32 下午 org.apache.catalina.startup.VersionLoggerListener log
INFO: JVM Version:           1.7.0_15-b03
六月 21, 2018 12:25:32 下午 org.apache.catalina.startup.VersionLoggerListener log
INFO: JVM Vendor:            Oracle Corporation
六月 21, 2018 12:25:32 下午 org.apache.catalina.startup.VersionLoggerListener log
INFO: CATALINA_BASE:         E:\software\jt\1801\tomcats\tomcat-8091
六月 21, 2018 12:25:32 下午 org.apache.catalina.startup.VersionLoggerListener log
INFO: CATALINA_HOME:         E:\software\jt\1801\tomcats\tomcat-8091
六月 21, 2018 12:25:32 下午 org.apache.catalina.startup.VersionLoggerListener log
INFO: Command line argument: -Djdk.tls.ephemeralDHKeySize=2048
六月 21, 2018 12:25:32 下午 org.apache.catalina.startup.VersionLoggerListener log
INFO: Command line argument: -Djava.util.logging.config.file=E:\software\jt\1801\tomcats\tomcat-8091\conf\logging.properties
六月 21, 2018 12:25:32 下午 org.apache.catalina.startup.VersionLoggerListener log
INFO: Command line argument: -Djava.util.logging.manager=org.apache.juli.ClassLoaderLogManager
六月 21, 2018 12:25:32 下午 org.apache.catalina.startup.VersionLoggerListener log
INFO: Command line argument: -Djava.endorsed.dirs=E:\software\jt\1801\tomcats\tomcat-8091\endorsed
六月 21, 2018 12:25:32 下午 org.apache.catalina.startup.VersionLoggerListener log
INFO: Command line argument: -Dcatalina.base=E:\software\jt\1801\tomcats\tomcat-8091
六月 21, 2018 12:25:32 下午 org.apache.catalina.startup.VersionLoggerListener log
INFO: Command line argument: -Dcatalina.home=E:\software\jt\1801\tomcats\tomcat-8091
六月 21, 2018 12:25:32 下午 org.apache.catalina.startup.VersionLoggerListener log
INFO: Command line argument: -Djava.io.tmpdir=E:\software\jt\1801\tomcats\tomcat-8091\temp
六月 21, 2018 12:25:32 下午 org.apache.catalina.core.AprLifecycleListener lifecycleEvent
INFO: The APR based Apache Tomcat Native library which allows optimal performance in production environments was not found on the java.library.path: E:\software\jdk1.7.0_15\bin;C:\WINDOWS\Sun\Java\bin;C:\WINDOWS\system32;C:\WINDOWS;C:\Program Files (x86)\Intel\iCLS Client\;C:\Program Files\Intel\iCLS Client\;C:\WINDOWS\system32;C:\WINDOWS;C:\WINDOWS\System32\Wbem;C:\WINDOWS\System32\WindowsPowerShell\v1.0\;C:\Program Files (x86)\Intel\Intel(R) Management Engine Components\DAL;C:\Program Files\Intel\Intel(R) Management Engine Components\DAL;C:\Program Files (x86)\Intel\Intel(R) Management Engine Components\IPT;C:\Program Files\Intel\Intel(R) Management Engine Components\IPT;E:\software\jdk1.7.0_15\bin;E:\software\apache-maven-3.5.0\bin;E:\software\MySQL Server 5.5\bin;C:\Program Files\Intel\WiFi\bin\;C:\Program Files\Common Files\Intel\WirelessCommon\;C:\WINDOWS\System32\OpenSSH\;C:\Users\LYJ\AppData\Local\Microsoft\WindowsApps;;.
六月 21, 2018 12:25:32 下午 org.apache.coyote.AbstractProtocol init
INFO: Initializing ProtocolHandler ["http-bio-8090"]
六月 21, 2018 12:25:32 下午 org.apache.coyote.AbstractProtocol init
INFO: Initializing ProtocolHandler ["ajp-bio-8009"]
六月 21, 2018 12:25:32 下午 org.apache.catalina.startup.Catalina load
INFO: Initialization processed in 598 ms
六月 21, 2018 12:25:32 下午 org.apache.catalina.core.StandardService startInternal
INFO: Starting service Catalina
六月 21, 2018 12:25:32 下午 org.apache.catalina.core.StandardEngine startInternal
INFO: Starting Servlet Engine: Apache Tomcat/7.0.73
六月 21, 2018 12:25:32 下午 org.apache.catalina.startup.HostConfig deployWAR
INFO: Deploying web application archive E:\software\jt\1801\tomcats\tomcat-8091\webapps\ROOT.war
六月 21, 2018 12:25:35 下午 org.apache.catalina.startup.TldConfig execute
INFO: At least one JAR was scanned for TLDs yet contained no TLDs. Enable debug logging for this logger for a complete list of JARs that were scanned but no TLDs were found in them. Skipping unneeded JARs during scanning can improve startup time and JSP compilation time.
六月 21, 2018 12:26:16 下午 org.apache.catalina.startup.HostConfig deployWAR
INFO: Deployment of web application archive E:\software\jt\1801\tomcats\tomcat-8091\webapps\ROOT.war has finished in 43,619 ms
六月 21, 2018 12:26:16 下午 org.apache.catalina.startup.HostConfig deployDirectory
INFO: Deploying web application directory E:\software\jt\1801\tomcats\tomcat-8091\webapps\docs
六月 21, 2018 12:26:16 下午 org.apache.catalina.startup.HostConfig deployDirectory
INFO: Deployment of web application directory E:\software\jt\1801\tomcats\tomcat-8091\webapps\docs has finished in 92 ms
六月 21, 2018 12:26:16 下午 org.apache.catalina.startup.HostConfig deployDirectory
INFO: Deploying web application directory E:\software\jt\1801\tomcats\tomcat-8091\webapps\examples
六月 21, 2018 12:26:17 下午 org.apache.catalina.startup.HostConfig deployDirectory
INFO: Deployment of web application directory E:\software\jt\1801\tomcats\tomcat-8091\webapps\examples has finished in 1,708 ms
六月 21, 2018 12:26:17 下午 org.apache.catalina.startup.HostConfig deployDirectory
INFO: Deploying web application directory E:\software\jt\1801\tomcats\tomcat-8091\webapps\host-manager
六月 21, 2018 12:26:18 下午 org.apache.catalina.startup.HostConfig deployDirectory
INFO: Deployment of web application directory E:\software\jt\1801\tomcats\tomcat-8091\webapps\host-manager has finished in 118 ms
六月 21, 2018 12:26:18 下午 org.apache.catalina.startup.HostConfig deployDirectory
INFO: Deploying web application directory E:\software\jt\1801\tomcats\tomcat-8091\webapps\manager
六月 21, 2018 12:26:18 下午 org.apache.catalina.startup.HostConfig deployDirectory
INFO: Deployment of web application directory E:\software\jt\1801\tomcats\tomcat-8091\webapps\manager has finished in 49 ms
六月 21, 2018 12:26:18 下午 org.apache.coyote.AbstractProtocol start
INFO: Starting ProtocolHandler ["http-bio-8090"]
六月 21, 2018 12:26:18 下午 org.apache.coyote.AbstractProtocol start
INFO: Starting ProtocolHandler ["ajp-bio-8009"]
六月 21, 2018 12:26:18 下午 org.apache.catalina.startup.Catalina start
INFO: Server startup in 45675 ms
六月 21, 2018 12:28:03 下午 org.apache.catalina.startup.VersionLoggerListener log
INFO: Server version:        Apache Tomcat/7.0.73
六月 21, 2018 12:28:03 下午 org.apache.catalina.startup.VersionLoggerListener log
INFO: Server built:          Nov 7 2016 21:27:23 UTC
六月 21, 2018 12:28:03 下午 org.apache.catalina.startup.VersionLoggerListener log
INFO: Server number:         7.0.73.0
六月 21, 2018 12:28:03 下午 org.apache.catalina.startup.VersionLoggerListener log
INFO: OS Name:               Windows 8
六月 21, 2018 12:28:03 下午 org.apache.catalina.startup.VersionLoggerListener log
INFO: OS Version:            6.2
六月 21, 2018 12:28:03 下午 org.apache.catalina.startup.VersionLoggerListener log
INFO: Architecture:          amd64
六月 21, 2018 12:28:03 下午 org.apache.catalina.startup.VersionLoggerListener log
INFO: Java Home:             E:\software\jdk1.7.0_15\jre
六月 21, 2018 12:28:03 下午 org.apache.catalina.startup.VersionLoggerListener log
INFO: JVM Version:           1.7.0_15-b03
六月 21, 2018 12:28:03 下午 org.apache.catalina.startup.VersionLoggerListener log
INFO: JVM Vendor:            Oracle Corporation
六月 21, 2018 12:28:03 下午 org.apache.catalina.startup.VersionLoggerListener log
INFO: CATALINA_BASE:         E:\software\jt\1801\tomcats\tomcat-8091
六月 21, 2018 12:28:03 下午 org.apache.catalina.startup.VersionLoggerListener log
INFO: CATALINA_HOME:         E:\software\jt\1801\tomcats\tomcat-8091
六月 21, 2018 12:28:03 下午 org.apache.catalina.startup.VersionLoggerListener log
INFO: Command line argument: -Djdk.tls.ephemeralDHKeySize=2048
六月 21, 2018 12:28:03 下午 org.apache.catalina.startup.VersionLoggerListener log
INFO: Command line argument: -Djava.util.logging.config.file=E:\software\jt\1801\tomcats\tomcat-8091\conf\logging.properties
六月 21, 2018 12:28:03 下午 org.apache.catalina.startup.VersionLoggerListener log
INFO: Command line argument: -Djava.util.logging.manager=org.apache.juli.ClassLoaderLogManager
六月 21, 2018 12:28:03 下午 org.apache.catalina.startup.VersionLoggerListener log
INFO: Command line argument: -Djava.endorsed.dirs=E:\software\jt\1801\tomcats\tomcat-8091\endorsed
六月 21, 2018 12:28:03 下午 org.apache.catalina.startup.VersionLoggerListener log
INFO: Command line argument: -Dcatalina.base=E:\software\jt\1801\tomcats\tomcat-8091
六月 21, 2018 12:28:03 下午 org.apache.catalina.startup.VersionLoggerListener log
INFO: Command line argument: -Dcatalina.home=E:\software\jt\1801\tomcats\tomcat-8091
六月 21, 2018 12:28:03 下午 org.apache.catalina.startup.VersionLoggerListener log
INFO: Command line argument: -Djava.io.tmpdir=E:\software\jt\1801\tomcats\tomcat-8091\temp
六月 21, 2018 12:28:03 下午 org.apache.catalina.core.AprLifecycleListener lifecycleEvent
INFO: The APR based Apache Tomcat Native library which allows optimal performance in production environments was not found on the java.library.path: E:\software\jdk1.7.0_15\bin;C:\WINDOWS\Sun\Java\bin;C:\WINDOWS\system32;C:\WINDOWS;C:\Program Files (x86)\Intel\iCLS Client\;C:\Program Files\Intel\iCLS Client\;C:\WINDOWS\system32;C:\WINDOWS;C:\WINDOWS\System32\Wbem;C:\WINDOWS\System32\WindowsPowerShell\v1.0\;C:\Program Files (x86)\Intel\Intel(R) Management Engine Components\DAL;C:\Program Files\Intel\Intel(R) Management Engine Components\DAL;C:\Program Files (x86)\Intel\Intel(R) Management Engine Components\IPT;C:\Program Files\Intel\Intel(R) Management Engine Components\IPT;E:\software\jdk1.7.0_15\bin;E:\software\apache-maven-3.5.0\bin;E:\software\MySQL Server 5.5\bin;C:\Program Files\Intel\WiFi\bin\;C:\Program Files\Common Files\Intel\WirelessCommon\;C:\WINDOWS\System32\OpenSSH\;C:\Users\LYJ\AppData\Local\Microsoft\WindowsApps;;.
六月 21, 2018 12:28:03 下午 org.apache.coyote.AbstractProtocol init
INFO: Initializing ProtocolHandler ["http-bio-8090"]
六月 21, 2018 12:28:03 下午 org.apache.coyote.AbstractProtocol init
INFO: Initializing ProtocolHandler ["ajp-bio-8009"]
六月 21, 2018 12:28:03 下午 org.apache.catalina.startup.Catalina load
INFO: Initialization processed in 625 ms
六月 21, 2018 12:28:03 下午 org.apache.catalina.core.StandardService startInternal
INFO: Starting service Catalina
六月 21, 2018 12:28:03 下午 org.apache.catalina.core.StandardEngine startInternal
INFO: Starting Servlet Engine: Apache Tomcat/7.0.73
六月 21, 2018 12:28:03 下午 org.apache.catalina.startup.HostConfig deployWAR
INFO: Deploying web application archive E:\software\jt\1801\tomcats\tomcat-8091\webapps\ROOT.war
六月 21, 2018 12:28:07 下午 org.apache.catalina.startup.TldConfig execute
INFO: At least one JAR was scanned for TLDs yet contained no TLDs. Enable debug logging for this logger for a complete list of JARs that were scanned but no TLDs were found in them. Skipping unneeded JARs during scanning can improve startup time and JSP compilation time.
六月 21, 2018 12:28:44 下午 org.apache.catalina.startup.HostConfig deployWAR
INFO: Deployment of web application archive E:\software\jt\1801\tomcats\tomcat-8091\webapps\ROOT.war has finished in 40,705 ms
六月 21, 2018 12:28:44 下午 org.apache.catalina.startup.HostConfig deployDirectory
INFO: Deploying web application directory E:\software\jt\1801\tomcats\tomcat-8091\webapps\docs
六月 21, 2018 12:28:44 下午 org.apache.catalina.startup.HostConfig deployDirectory
INFO: Deployment of web application directory E:\software\jt\1801\tomcats\tomcat-8091\webapps\docs has finished in 53 ms
六月 21, 2018 12:28:44 下午 org.apache.catalina.startup.HostConfig deployDirectory
INFO: Deploying web application directory E:\software\jt\1801\tomcats\tomcat-8091\webapps\examples
六月 21, 2018 12:28:44 下午 org.apache.catalina.startup.HostConfig deployDirectory
INFO: Deployment of web application directory E:\software\jt\1801\tomcats\tomcat-8091\webapps\examples has finished in 252 ms
六月 21, 2018 12:28:44 下午 org.apache.catalina.startup.HostConfig deployDirectory
INFO: Deploying web application directory E:\software\jt\1801\tomcats\tomcat-8091\webapps\host-manager
六月 21, 2018 12:28:44 下午 org.apache.catalina.startup.HostConfig deployDirectory
INFO: Deployment of web application directory E:\software\jt\1801\tomcats\tomcat-8091\webapps\host-manager has finished in 51 ms
六月 21, 2018 12:28:44 下午 org.apache.catalina.startup.HostConfig deployDirectory
INFO: Deploying web application directory E:\software\jt\1801\tomcats\tomcat-8091\webapps\manager
六月 21, 2018 12:28:44 下午 org.apache.catalina.startup.HostConfig deployDirectory
INFO: Deployment of web application directory E:\software\jt\1801\tomcats\tomcat-8091\webapps\manager has finished in 48 ms
六月 21, 2018 12:28:44 下午 org.apache.coyote.AbstractProtocol start
INFO: Starting ProtocolHandler ["http-bio-8090"]
六月 21, 2018 12:28:44 下午 org.apache.coyote.AbstractProtocol start
INFO: Starting ProtocolHandler ["ajp-bio-8009"]
六月 21, 2018 12:28:44 下午 org.apache.catalina.startup.Catalina start
INFO: Server startup in 41192 ms
六月 21, 2018 1:11:48 下午 org.apache.catalina.startup.VersionLoggerListener log
INFO: Server version:        Apache Tomcat/7.0.73
六月 21, 2018 1:11:48 下午 org.apache.catalina.startup.VersionLoggerListener log
INFO: Server built:          Nov 7 2016 21:27:23 UTC
六月 21, 2018 1:11:48 下午 org.apache.catalina.startup.VersionLoggerListener log
INFO: Server number:         7.0.73.0
六月 21, 2018 1:11:48 下午 org.apache.catalina.startup.VersionLoggerListener log
INFO: OS Name:               Windows 8
六月 21, 2018 1:11:48 下午 org.apache.catalina.startup.VersionLoggerListener log
INFO: OS Version:            6.2
六月 21, 2018 1:11:48 下午 org.apache.catalina.startup.VersionLoggerListener log
INFO: Architecture:          amd64
六月 21, 2018 1:11:48 下午 org.apache.catalina.startup.VersionLoggerListener log
INFO: Java Home:             E:\software\jdk1.7.0_15\jre
六月 21, 2018 1:11:48 下午 org.apache.catalina.startup.VersionLoggerListener log
INFO: JVM Version:           1.7.0_15-b03
六月 21, 2018 1:11:48 下午 org.apache.catalina.startup.VersionLoggerListener log
INFO: JVM Vendor:            Oracle Corporation
六月 21, 2018 1:11:48 下午 org.apache.catalina.startup.VersionLoggerListener log
INFO: CATALINA_BASE:         E:\文件文档\达内上的课程\6京淘项目\培优每日课前资料\Day15-dubbo实现购物车\dubbo控制台\tomcat-dubbo
六月 21, 2018 1:11:48 下午 org.apache.catalina.startup.VersionLoggerListener log
INFO: CATALINA_HOME:         E:\文件文档\达内上的课程\6京淘项目\培优每日课前资料\Day15-dubbo实现购物车\dubbo控制台\tomcat-dubbo
六月 21, 2018 1:11:48 下午 org.apache.catalina.startup.VersionLoggerListener log
INFO: Command line argument: -Djdk.tls.ephemeralDHKeySize=2048
六月 21, 2018 1:11:48 下午 org.apache.catalina.startup.VersionLoggerListener log
INFO: Command line argument: -Djava.util.logging.config.file=E:\文件文档\达内上的课程\6京淘项目\培优每日课前资料\Day15-dubbo实现购物车\dubbo控制台\tomcat-dubbo\conf\logging.properties
六月 21, 2018 1:11:48 下午 org.apache.catalina.startup.VersionLoggerListener log
INFO: Command line argument: -Djava.util.logging.manager=org.apache.juli.ClassLoaderLogManager
六月 21, 2018 1:11:48 下午 org.apache.catalina.startup.VersionLoggerListener log
INFO: Command line argument: -Djava.endorsed.dirs=E:\文件文档\达内上的课程\6京淘项目\培优每日课前资料\Day15-dubbo实现购物车\dubbo控制台\tomcat-dubbo\endorsed
六月 21, 2018 1:11:48 下午 org.apache.catalina.startup.VersionLoggerListener log
INFO: Command line argument: -Dcatalina.base=E:\文件文档\达内上的课程\6京淘项目\培优每日课前资料\Day15-dubbo实现购物车\dubbo控制台\tomcat-dubbo
六月 21, 2018 1:11:48 下午 org.apache.catalina.startup.VersionLoggerListener log
INFO: Command line argument: -Dcatalina.home=E:\文件文档\达内上的课程\6京淘项目\培优每日课前资料\Day15-dubbo实现购物车\dubbo控制台\tomcat-dubbo
六月 21, 2018 1:11:48 下午 org.apache.catalina.startup.VersionLoggerListener log
INFO: Command line argument: -Djava.io.tmpdir=E:\文件文档\达内上的课程\6京淘项目\培优每日课前资料\Day15-dubbo实现购物车\dubbo控制台\tomcat-dubbo\temp
六月 21, 2018 1:11:48 下午 org.apache.catalina.core.AprLifecycleListener lifecycleEvent
INFO: The APR based Apache Tomcat Native library which allows optimal performance in production environments was not found on the java.library.path: E:\software\jdk1.7.0_15\bin;C:\WINDOWS\Sun\Java\bin;C:\WINDOWS\system32;C:\WINDOWS;C:\Program Files (x86)\Intel\iCLS Client\;C:\Program Files\Intel\iCLS Client\;C:\WINDOWS\system32;C:\WINDOWS;C:\WINDOWS\System32\Wbem;C:\WINDOWS\System32\WindowsPowerShell\v1.0\;C:\Program Files (x86)\Intel\Intel(R) Management Engine Components\DAL;C:\Program Files\Intel\Intel(R) Management Engine Components\DAL;C:\Program Files (x86)\Intel\Intel(R) Management Engine Components\IPT;C:\Program Files\Intel\Intel(R) Management Engine Components\IPT;E:\software\jdk1.7.0_15\bin;E:\software\apache-maven-3.5.0\bin;E:\software\MySQL Server 5.5\bin;C:\Program Files\Intel\WiFi\bin\;C:\Program Files\Common Files\Intel\WirelessCommon\;C:\WINDOWS\System32\OpenSSH\;C:\Users\LYJ\AppData\Local\Microsoft\WindowsApps;;.
六月 21, 2018 1:11:49 下午 org.apache.coyote.AbstractProtocol init
INFO: Initializing ProtocolHandler ["http-bio-8090"]
六月 21, 2018 1:11:49 下午 org.apache.coyote.AbstractProtocol init
INFO: Initializing ProtocolHandler ["ajp-bio-8009"]
六月 21, 2018 1:11:49 下午 org.apache.catalina.startup.Catalina load
INFO: Initialization processed in 649 ms
六月 21, 2018 1:11:49 下午 org.apache.catalina.core.StandardService startInternal
INFO: Starting service Catalina
六月 21, 2018 1:11:49 下午 org.apache.catalina.core.StandardEngine startInternal
INFO: Starting Servlet Engine: Apache Tomcat/7.0.73
六月 21, 2018 1:11:49 下午 org.apache.catalina.startup.HostConfig deployDirectory
INFO: Deploying web application directory E:\文件文档\达内上的课程\6京淘项目\培优每日课前资料\Day15-dubbo实现购物车\dubbo控制台\tomcat-dubbo\webapps\docs
六月 21, 2018 1:11:49 下午 org.apache.catalina.startup.HostConfig deployDirectory
INFO: Deployment of web application directory E:\文件文档\达内上的课程\6京淘项目\培优每日课前资料\Day15-dubbo实现购物车\dubbo控制台\tomcat-dubbo\webapps\docs has finished in 401 ms
六月 21, 2018 1:11:49 下午 org.apache.catalina.startup.HostConfig deployDirectory
INFO: Deploying web application directory E:\文件文档\达内上的课程\6京淘项目\培优每日课前资料\Day15-dubbo实现购物车\dubbo控制台\tomcat-dubbo\webapps\examples
六月 21, 2018 1:11:49 下午 org.apache.catalina.startup.HostConfig deployDirectory
INFO: Deployment of web application directory E:\文件文档\达内上的课程\6京淘项目\培优每日课前资料\Day15-dubbo实现购物车\dubbo控制台\tomcat-dubbo\webapps\examples has finished in 353 ms
六月 21, 2018 1:11:49 下午 org.apache.catalina.startup.HostConfig deployDirectory
INFO: Deploying web application directory E:\文件文档\达内上的课程\6京淘项目\培优每日课前资料\Day15-dubbo实现购物车\dubbo控制台\tomcat-dubbo\webapps\host-manager
六月 21, 2018 1:11:49 下午 org.apache.catalina.startup.HostConfig deployDirectory
INFO: Deployment of web application directory E:\文件文档\达内上的课程\6京淘项目\培优每日课前资料\Day15-dubbo实现购物车\dubbo控制台\tomcat-dubbo\webapps\host-manager has finished in 60 ms
六月 21, 2018 1:11:49 下午 org.apache.catalina.startup.HostConfig deployDirectory
INFO: Deploying web application directory E:\文件文档\达内上的课程\6京淘项目\培优每日课前资料\Day15-dubbo实现购物车\dubbo控制台\tomcat-dubbo\webapps\manager
六月 21, 2018 1:11:50 下午 org.apache.catalina.startup.HostConfig deployDirectory
INFO: Deployment of web application directory E:\文件文档\达内上的课程\6京淘项目\培优每日课前资料\Day15-dubbo实现购物车\dubbo控制台\tomcat-dubbo\webapps\manager has finished in 61 ms
六月 21, 2018 1:11:50 下午 org.apache.catalina.startup.HostConfig deployDirectory
INFO: Deploying web application directory E:\文件文档\达内上的课程\6京淘项目\培优每日课前资料\Day15-dubbo实现购物车\dubbo控制台\tomcat-dubbo\webapps\ROOT
六月 21, 2018 1:11:52 下午 org.apache.catalina.startup.TldConfig execute
INFO: At least one JAR was scanned for TLDs yet contained no TLDs. Enable debug logging for this logger for a complete list of JARs that were scanned but no TLDs were found in them. Skipping unneeded JARs during scanning can improve startup time and JSP compilation time.
六月 21, 2018 1:12:27 下午 org.apache.catalina.startup.HostConfig deployDirectory
INFO: Deployment of web application directory E:\文件文档\达内上的课程\6京淘项目\培优每日课前资料\Day15-dubbo实现购物车\dubbo控制台\tomcat-dubbo\webapps\ROOT has finished in 37,191 ms
六月 21, 2018 1:12:27 下午 org.apache.coyote.AbstractProtocol start
INFO: Starting ProtocolHandler ["http-bio-8090"]
六月 21, 2018 1:12:27 下午 org.apache.coyote.AbstractProtocol start
INFO: Starting ProtocolHandler ["ajp-bio-8009"]
六月 21, 2018 1:12:27 下午 org.apache.catalina.startup.Catalina start
INFO: Server startup in 38612 ms
