十一月 22, 2018 10:35:20 上午 org.apache.catalina.startup.VersionLoggerListener log
信息: Server version:        Apache Tomcat/7.0.73
十一月 22, 2018 10:35:20 上午 org.apache.catalina.startup.VersionLoggerListener log
信息: Server built:          Nov 7 2016 21:27:23 UTC
十一月 22, 2018 10:35:20 上午 org.apache.catalina.startup.VersionLoggerListener log
信息: Server number:         7.0.73.0
十一月 22, 2018 10:35:20 上午 org.apache.catalina.startup.VersionLoggerListener log
信息: OS Name:               Windows 8.1
十一月 22, 2018 10:35:20 上午 org.apache.catalina.startup.VersionLoggerListener log
信息: OS Version:            6.3
十一月 22, 2018 10:35:20 上午 org.apache.catalina.startup.VersionLoggerListener log
信息: Architecture:          amd64
十一月 22, 2018 10:35:20 上午 org.apache.catalina.startup.VersionLoggerListener log
信息: Java Home:             E:\software\jdk1.8.0_45\jre
十一月 22, 2018 10:35:20 上午 org.apache.catalina.startup.VersionLoggerListener log
信息: JVM Version:           1.8.0_45-b15
十一月 22, 2018 10:35:20 上午 org.apache.catalina.startup.VersionLoggerListener log
信息: JVM Vendor:            Oracle Corporation
十一月 22, 2018 10:35:20 上午 org.apache.catalina.startup.VersionLoggerListener log
信息: CATALINA_BASE:         E:\文件文档\达内上的课程\6京淘项目\培优每日课前资料\Day15-dubbo实现购物车\dubbo控制台\tomcat-dubbo
十一月 22, 2018 10:35:20 上午 org.apache.catalina.startup.VersionLoggerListener log
信息: CATALINA_HOME:         E:\文件文档\达内上的课程\6京淘项目\培优每日课前资料\Day15-dubbo实现购物车\dubbo控制台\tomcat-dubbo
十一月 22, 2018 10:35:20 上午 org.apache.catalina.startup.VersionLoggerListener log
信息: Command line argument: -Djdk.tls.ephemeralDHKeySize=2048
十一月 22, 2018 10:35:20 上午 org.apache.catalina.startup.VersionLoggerListener log
信息: Command line argument: -Djava.util.logging.config.file=E:\文件文档\达内上的课程\6京淘项目\培优每日课前资料\Day15-dubbo实现购物车\dubbo控制台\tomcat-dubbo\conf\logging.properties
十一月 22, 2018 10:35:20 上午 org.apache.catalina.startup.VersionLoggerListener log
信息: Command line argument: -Djava.util.logging.manager=org.apache.juli.ClassLoaderLogManager
十一月 22, 2018 10:35:20 上午 org.apache.catalina.startup.VersionLoggerListener log
信息: Command line argument: -Djava.endorsed.dirs=E:\文件文档\达内上的课程\6京淘项目\培优每日课前资料\Day15-dubbo实现购物车\dubbo控制台\tomcat-dubbo\endorsed
十一月 22, 2018 10:35:20 上午 org.apache.catalina.startup.VersionLoggerListener log
信息: Command line argument: -Dcatalina.base=E:\文件文档\达内上的课程\6京淘项目\培优每日课前资料\Day15-dubbo实现购物车\dubbo控制台\tomcat-dubbo
十一月 22, 2018 10:35:20 上午 org.apache.catalina.startup.VersionLoggerListener log
信息: Command line argument: -Dcatalina.home=E:\文件文档\达内上的课程\6京淘项目\培优每日课前资料\Day15-dubbo实现购物车\dubbo控制台\tomcat-dubbo
十一月 22, 2018 10:35:20 上午 org.apache.catalina.startup.VersionLoggerListener log
信息: Command line argument: -Djava.io.tmpdir=E:\文件文档\达内上的课程\6京淘项目\培优每日课前资料\Day15-dubbo实现购物车\dubbo控制台\tomcat-dubbo\temp
十一月 22, 2018 10:35:20 上午 org.apache.catalina.core.AprLifecycleListener lifecycleEvent
信息: The APR based Apache Tomcat Native library which allows optimal performance in production environments was not found on the java.library.path: E:\software\jdk1.8.0_45\bin;C:\WINDOWS\Sun\Java\bin;C:\WINDOWS\system32;C:\WINDOWS;C:\Program Files (x86)\Intel\iCLS Client\;C:\Program Files\Intel\iCLS Client\;C:\WINDOWS\system32;C:\WINDOWS;C:\WINDOWS\System32\Wbem;C:\WINDOWS\System32\WindowsPowerShell\v1.0\;C:\Program Files (x86)\Intel\Intel(R) Management Engine Components\DAL;C:\Program Files\Intel\Intel(R) Management Engine Components\DAL;C:\Program Files (x86)\Intel\Intel(R) Management Engine Components\IPT;C:\Program Files\Intel\Intel(R) Management Engine Components\IPT;E:\software\jdk1.8.0_45\bin;E:\software\apache-maven-3.5.0\bin;E:\software\MySQL Server 5.5\bin;C:\WINDOWS\System32\OpenSSH\;C:\Program Files\Intel\WiFi\bin\;C:\Program Files\Common Files\Intel\WirelessCommon\;C:\Users\LYJ\AppData\Local\Microsoft\WindowsApps;;.
十一月 22, 2018 10:35:20 上午 org.apache.coyote.AbstractProtocol init
信息: Initializing ProtocolHandler ["http-bio-8090"]
十一月 22, 2018 10:35:20 上午 org.apache.coyote.AbstractProtocol init
信息: Initializing ProtocolHandler ["ajp-bio-8009"]
十一月 22, 2018 10:35:20 上午 org.apache.catalina.startup.Catalina load
信息: Initialization processed in 1170 ms
十一月 22, 2018 10:35:20 上午 org.apache.catalina.core.StandardService startInternal
信息: Starting service Catalina
十一月 22, 2018 10:35:20 上午 org.apache.catalina.core.StandardEngine startInternal
信息: Starting Servlet Engine: Apache Tomcat/7.0.73
十一月 22, 2018 10:35:20 上午 org.apache.catalina.startup.HostConfig deployDirectory
信息: Deploying web application directory E:\文件文档\达内上的课程\6京淘项目\培优每日课前资料\Day15-dubbo实现购物车\dubbo控制台\tomcat-dubbo\webapps\docs
十一月 22, 2018 10:35:21 上午 org.apache.catalina.util.SessionIdGeneratorBase createSecureRandom
信息: Creation of SecureRandom instance for session ID generation using [SHA1PRNG] took [216] milliseconds.
十一月 22, 2018 10:35:21 上午 org.apache.catalina.startup.HostConfig deployDirectory
信息: Deployment of web application directory E:\文件文档\达内上的课程\6京淘项目\培优每日课前资料\Day15-dubbo实现购物车\dubbo控制台\tomcat-dubbo\webapps\docs has finished in 614 ms
十一月 22, 2018 10:35:21 上午 org.apache.catalina.startup.HostConfig deployDirectory
信息: Deploying web application directory E:\文件文档\达内上的课程\6京淘项目\培优每日课前资料\Day15-dubbo实现购物车\dubbo控制台\tomcat-dubbo\webapps\examples
十一月 22, 2018 10:35:21 上午 org.apache.catalina.startup.HostConfig deployDirectory
信息: Deployment of web application directory E:\文件文档\达内上的课程\6京淘项目\培优每日课前资料\Day15-dubbo实现购物车\dubbo控制台\tomcat-dubbo\webapps\examples has finished in 606 ms
十一月 22, 2018 10:35:21 上午 org.apache.catalina.startup.HostConfig deployDirectory
信息: Deploying web application directory E:\文件文档\达内上的课程\6京淘项目\培优每日课前资料\Day15-dubbo实现购物车\dubbo控制台\tomcat-dubbo\webapps\host-manager
十一月 22, 2018 10:35:22 上午 org.apache.catalina.startup.HostConfig deployDirectory
信息: Deployment of web application directory E:\文件文档\达内上的课程\6京淘项目\培优每日课前资料\Day15-dubbo实现购物车\dubbo控制台\tomcat-dubbo\webapps\host-manager has finished in 75 ms
十一月 22, 2018 10:35:22 上午 org.apache.catalina.startup.HostConfig deployDirectory
信息: Deploying web application directory E:\文件文档\达内上的课程\6京淘项目\培优每日课前资料\Day15-dubbo实现购物车\dubbo控制台\tomcat-dubbo\webapps\manager
十一月 22, 2018 10:35:22 上午 org.apache.catalina.startup.HostConfig deployDirectory
信息: Deployment of web application directory E:\文件文档\达内上的课程\6京淘项目\培优每日课前资料\Day15-dubbo实现购物车\dubbo控制台\tomcat-dubbo\webapps\manager has finished in 78 ms
十一月 22, 2018 10:35:22 上午 org.apache.catalina.startup.HostConfig deployDirectory
信息: Deploying web application directory E:\文件文档\达内上的课程\6京淘项目\培优每日课前资料\Day15-dubbo实现购物车\dubbo控制台\tomcat-dubbo\webapps\ROOT
