一月 14, 2017 8:48:52 下午 org.apache.catalina.startup.VersionLoggerListener log
信息: Server version:        Apache Tomcat/7.0.73
一月 14, 2017 8:48:52 下午 org.apache.catalina.startup.VersionLoggerListener log
信息: Server built:          Nov 7 2016 21:27:23 UTC
一月 14, 2017 8:48:52 下午 org.apache.catalina.startup.VersionLoggerListener log
信息: Server number:         7.0.73.0
一月 14, 2017 8:48:52 下午 org.apache.catalina.startup.VersionLoggerListener log
信息: OS Name:               Windows 7
一月 14, 2017 8:48:52 下午 org.apache.catalina.startup.VersionLoggerListener log
信息: OS Version:            6.1
一月 14, 2017 8:48:52 下午 org.apache.catalina.startup.VersionLoggerListener log
信息: Architecture:          amd64
一月 14, 2017 8:48:52 下午 org.apache.catalina.startup.VersionLoggerListener log
信息: Java Home:             C:\Program Files\Java\jre7
一月 14, 2017 8:48:52 下午 org.apache.catalina.startup.VersionLoggerListener log
信息: JVM Version:           1.7.0_80-b15
一月 14, 2017 8:48:52 下午 org.apache.catalina.startup.VersionLoggerListener log
信息: JVM Vendor:            Oracle Corporation
一月 14, 2017 8:48:52 下午 org.apache.catalina.startup.VersionLoggerListener log
信息: CATALINA_BASE:         F:\迅雷下载\apache-tomcat-7.0.73-no-cache
一月 14, 2017 8:48:52 下午 org.apache.catalina.startup.VersionLoggerListener log
信息: CATALINA_HOME:         F:\迅雷下载\apache-tomcat-7.0.73-no-cache
一月 14, 2017 8:48:52 下午 org.apache.catalina.startup.VersionLoggerListener log
信息: Command line argument: -Djdk.tls.ephemeralDHKeySize=2048
一月 14, 2017 8:48:52 下午 org.apache.catalina.startup.VersionLoggerListener log
信息: Command line argument: -Djava.util.logging.config.file=F:\迅雷下载\apache-tomcat-7.0.73-no-cache\conf\logging.properties
一月 14, 2017 8:48:52 下午 org.apache.catalina.startup.VersionLoggerListener log
信息: Command line argument: -Djava.util.logging.manager=org.apache.juli.ClassLoaderLogManager
一月 14, 2017 8:48:52 下午 org.apache.catalina.startup.VersionLoggerListener log
信息: Command line argument: -Djava.endorsed.dirs=F:\迅雷下载\apache-tomcat-7.0.73-no-cache\endorsed
一月 14, 2017 8:48:52 下午 org.apache.catalina.startup.VersionLoggerListener log
信息: Command line argument: -Dcatalina.base=F:\迅雷下载\apache-tomcat-7.0.73-no-cache
一月 14, 2017 8:48:52 下午 org.apache.catalina.startup.VersionLoggerListener log
信息: Command line argument: -Dcatalina.home=F:\迅雷下载\apache-tomcat-7.0.73-no-cache
一月 14, 2017 8:48:52 下午 org.apache.catalina.startup.VersionLoggerListener log
信息: Command line argument: -Djava.io.tmpdir=F:\迅雷下载\apache-tomcat-7.0.73-no-cache\temp
一月 14, 2017 8:48:52 下午 org.apache.catalina.core.AprLifecycleListener lifecycleEvent
信息: The APR based Apache Tomcat Native library which allows optimal performance in production environments was not found on the java.library.path: C:\Program Files\Java\jre7\bin;C:\windows\Sun\Java\bin;C:\windows\system32;C:\windows;C:\windows\system32;C:\windows;C:\windows\System32\Wbem;C:\windows\System32\WindowsPowerShell\v1.0\;C:\Program Files (x86)\NVIDIA Corporation\PhysX\Common;C:\Program Files (x86)\Microsoft SQL Server\90\Tools\binn\;C:\windows\SysWOW64\5097;C:\windows\SysWOW64\5097;C:\windows\SysWOW64;F:\javaer\apache-maven-3.3.9\bin;D:\TortoiseSVN\bin;.
一月 14, 2017 8:48:53 下午 org.apache.coyote.AbstractProtocol init
信息: Initializing ProtocolHandler ["http-bio-8080"]
一月 14, 2017 8:48:53 下午 org.apache.coyote.AbstractProtocol init
信息: Initializing ProtocolHandler ["ajp-bio-8009"]
一月 14, 2017 8:48:53 下午 org.apache.catalina.startup.Catalina load
信息: Initialization processed in 1386 ms
一月 14, 2017 8:48:53 下午 org.apache.catalina.core.StandardService startInternal
信息: Starting service Catalina
一月 14, 2017 8:48:53 下午 org.apache.catalina.core.StandardEngine startInternal
信息: Starting Servlet Engine: Apache Tomcat/7.0.73
一月 14, 2017 8:48:53 下午 org.apache.catalina.startup.HostConfig deployDirectory
信息: Deploying web application directory F:\迅雷下载\apache-tomcat-7.0.73-no-cache\webapps\docs
一月 14, 2017 8:48:54 下午 org.apache.catalina.util.SessionIdGeneratorBase createSecureRandom
信息: Creation of SecureRandom instance for session ID generation using [SHA1PRNG] took [356] milliseconds.
一月 14, 2017 8:48:54 下午 org.apache.catalina.startup.HostConfig deployDirectory
信息: Deployment of web application directory F:\迅雷下载\apache-tomcat-7.0.73-no-cache\webapps\docs has finished in 982 ms
一月 14, 2017 8:48:54 下午 org.apache.catalina.startup.HostConfig deployDirectory
信息: Deploying web application directory F:\迅雷下载\apache-tomcat-7.0.73-no-cache\webapps\examples
一月 14, 2017 8:48:54 下午 org.apache.catalina.startup.HostConfig deployDirectory
信息: Deployment of web application directory F:\迅雷下载\apache-tomcat-7.0.73-no-cache\webapps\examples has finished in 404 ms
一月 14, 2017 8:48:54 下午 org.apache.catalina.startup.HostConfig deployDirectory
信息: Deploying web application directory F:\迅雷下载\apache-tomcat-7.0.73-no-cache\webapps\host-manager
一月 14, 2017 8:48:55 下午 org.apache.catalina.startup.HostConfig deployDirectory
信息: Deployment of web application directory F:\迅雷下载\apache-tomcat-7.0.73-no-cache\webapps\host-manager has finished in 128 ms
一月 14, 2017 8:48:55 下午 org.apache.catalina.startup.HostConfig deployDirectory
信息: Deploying web application directory F:\迅雷下载\apache-tomcat-7.0.73-no-cache\webapps\manager
一月 14, 2017 8:48:55 下午 org.apache.catalina.startup.HostConfig deployDirectory
信息: Deployment of web application directory F:\迅雷下载\apache-tomcat-7.0.73-no-cache\webapps\manager has finished in 78 ms
一月 14, 2017 8:48:55 下午 org.apache.catalina.startup.HostConfig deployDirectory
信息: Deploying web application directory F:\迅雷下载\apache-tomcat-7.0.73-no-cache\webapps\ROOT
一月 14, 2017 8:48:55 下午 org.apache.catalina.startup.HostConfig deployDirectory
信息: Deployment of web application directory F:\迅雷下载\apache-tomcat-7.0.73-no-cache\webapps\ROOT has finished in 58 ms
一月 14, 2017 8:48:55 下午 org.apache.coyote.AbstractProtocol start
信息: Starting ProtocolHandler ["http-bio-8080"]
一月 14, 2017 8:48:55 下午 org.apache.coyote.AbstractProtocol start
信息: Starting ProtocolHandler ["ajp-bio-8009"]
一月 14, 2017 8:48:55 下午 org.apache.catalina.startup.Catalina start
信息: Server startup in 1777 ms
一月 14, 2017 8:58:22 下午 org.apache.catalina.startup.VersionLoggerListener log
信息: Server version:        Apache Tomcat/7.0.73
一月 14, 2017 8:58:22 下午 org.apache.catalina.startup.VersionLoggerListener log
信息: Server built:          Nov 7 2016 21:27:23 UTC
一月 14, 2017 8:58:22 下午 org.apache.catalina.startup.VersionLoggerListener log
信息: Server number:         7.0.73.0
一月 14, 2017 8:58:22 下午 org.apache.catalina.startup.VersionLoggerListener log
信息: OS Name:               Windows 7
一月 14, 2017 8:58:22 下午 org.apache.catalina.startup.VersionLoggerListener log
信息: OS Version:            6.1
一月 14, 2017 8:58:22 下午 org.apache.catalina.startup.VersionLoggerListener log
信息: Architecture:          amd64
一月 14, 2017 8:58:22 下午 org.apache.catalina.startup.VersionLoggerListener log
信息: Java Home:             C:\Program Files\Java\jre7
一月 14, 2017 8:58:22 下午 org.apache.catalina.startup.VersionLoggerListener log
信息: JVM Version:           1.7.0_80-b15
一月 14, 2017 8:58:22 下午 org.apache.catalina.startup.VersionLoggerListener log
信息: JVM Vendor:            Oracle Corporation
一月 14, 2017 8:58:22 下午 org.apache.catalina.startup.VersionLoggerListener log
信息: CATALINA_BASE:         F:\迅雷下载\apache-tomcat-7.0.73-no-cache
一月 14, 2017 8:58:22 下午 org.apache.catalina.startup.VersionLoggerListener log
信息: CATALINA_HOME:         F:\迅雷下载\apache-tomcat-7.0.73-no-cache
一月 14, 2017 8:58:22 下午 org.apache.catalina.startup.VersionLoggerListener log
信息: Command line argument: -Djdk.tls.ephemeralDHKeySize=2048
一月 14, 2017 8:58:22 下午 org.apache.catalina.startup.VersionLoggerListener log
信息: Command line argument: -Djava.util.logging.config.file=F:\迅雷下载\apache-tomcat-7.0.73-no-cache\conf\logging.properties
一月 14, 2017 8:58:22 下午 org.apache.catalina.startup.VersionLoggerListener log
信息: Command line argument: -Djava.util.logging.manager=org.apache.juli.ClassLoaderLogManager
一月 14, 2017 8:58:22 下午 org.apache.catalina.startup.VersionLoggerListener log
信息: Command line argument: -Djava.endorsed.dirs=F:\迅雷下载\apache-tomcat-7.0.73-no-cache\endorsed
一月 14, 2017 8:58:22 下午 org.apache.catalina.startup.VersionLoggerListener log
信息: Command line argument: -Dcatalina.base=F:\迅雷下载\apache-tomcat-7.0.73-no-cache
一月 14, 2017 8:58:22 下午 org.apache.catalina.startup.VersionLoggerListener log
信息: Command line argument: -Dcatalina.home=F:\迅雷下载\apache-tomcat-7.0.73-no-cache
一月 14, 2017 8:58:22 下午 org.apache.catalina.startup.VersionLoggerListener log
信息: Command line argument: -Djava.io.tmpdir=F:\迅雷下载\apache-tomcat-7.0.73-no-cache\temp
一月 14, 2017 8:58:22 下午 org.apache.catalina.core.AprLifecycleListener lifecycleEvent
信息: The APR based Apache Tomcat Native library which allows optimal performance in production environments was not found on the java.library.path: C:\Program Files\Java\jre7\bin;C:\windows\Sun\Java\bin;C:\windows\system32;C:\windows;C:\windows\system32;C:\windows;C:\windows\System32\Wbem;C:\windows\System32\WindowsPowerShell\v1.0\;C:\Program Files (x86)\NVIDIA Corporation\PhysX\Common;C:\Program Files (x86)\Microsoft SQL Server\90\Tools\binn\;C:\windows\SysWOW64\5097;C:\windows\SysWOW64\5097;C:\windows\SysWOW64;F:\javaer\apache-maven-3.3.9\bin;D:\TortoiseSVN\bin;.
一月 14, 2017 8:58:22 下午 org.apache.coyote.AbstractProtocol init
信息: Initializing ProtocolHandler ["http-bio-8080"]
一月 14, 2017 8:58:22 下午 org.apache.coyote.AbstractProtocol init
信息: Initializing ProtocolHandler ["ajp-bio-8009"]
一月 14, 2017 8:58:22 下午 org.apache.catalina.startup.Catalina load
信息: Initialization processed in 764 ms
一月 14, 2017 8:58:22 下午 org.apache.catalina.core.StandardService startInternal
信息: Starting service Catalina
一月 14, 2017 8:58:22 下午 org.apache.catalina.core.StandardEngine startInternal
信息: Starting Servlet Engine: Apache Tomcat/7.0.73
一月 14, 2017 8:58:22 下午 org.apache.catalina.startup.HostConfig deployDirectory
信息: Deploying web application directory F:\迅雷下载\apache-tomcat-7.0.73-no-cache\webapps\docs
一月 14, 2017 8:58:23 下午 org.apache.catalina.util.SessionIdGeneratorBase createSecureRandom
信息: Creation of SecureRandom instance for session ID generation using [SHA1PRNG] took [361] milliseconds.
一月 14, 2017 8:58:23 下午 org.apache.catalina.startup.HostConfig deployDirectory
信息: Deployment of web application directory F:\迅雷下载\apache-tomcat-7.0.73-no-cache\webapps\docs has finished in 907 ms
一月 14, 2017 8:58:23 下午 org.apache.catalina.startup.HostConfig deployDirectory
信息: Deploying web application directory F:\迅雷下载\apache-tomcat-7.0.73-no-cache\webapps\examples
一月 14, 2017 8:58:24 下午 org.apache.catalina.startup.HostConfig deployDirectory
信息: Deployment of web application directory F:\迅雷下载\apache-tomcat-7.0.73-no-cache\webapps\examples has finished in 387 ms
一月 14, 2017 8:58:24 下午 org.apache.catalina.startup.HostConfig deployDirectory
信息: Deploying web application directory F:\迅雷下载\apache-tomcat-7.0.73-no-cache\webapps\host-manager
一月 14, 2017 8:58:24 下午 org.apache.catalina.startup.HostConfig deployDirectory
信息: Deployment of web application directory F:\迅雷下载\apache-tomcat-7.0.73-no-cache\webapps\host-manager has finished in 102 ms
一月 14, 2017 8:58:24 下午 org.apache.catalina.startup.HostConfig deployDirectory
信息: Deploying web application directory F:\迅雷下载\apache-tomcat-7.0.73-no-cache\webapps\manager
一月 14, 2017 8:58:24 下午 org.apache.catalina.startup.HostConfig deployDirectory
信息: Deployment of web application directory F:\迅雷下载\apache-tomcat-7.0.73-no-cache\webapps\manager has finished in 74 ms
一月 14, 2017 8:58:24 下午 org.apache.catalina.startup.HostConfig deployDirectory
信息: Deploying web application directory F:\迅雷下载\apache-tomcat-7.0.73-no-cache\webapps\ROOT
一月 14, 2017 8:58:24 下午 org.apache.catalina.startup.HostConfig deployDirectory
信息: Deployment of web application directory F:\迅雷下载\apache-tomcat-7.0.73-no-cache\webapps\ROOT has finished in 62 ms
一月 14, 2017 8:58:24 下午 org.apache.coyote.AbstractProtocol start
信息: Starting ProtocolHandler ["http-bio-8080"]
一月 14, 2017 8:58:24 下午 org.apache.coyote.AbstractProtocol start
信息: Starting ProtocolHandler ["ajp-bio-8009"]
一月 14, 2017 8:58:24 下午 org.apache.catalina.startup.Catalina start
信息: Server startup in 1625 ms
一月 14, 2017 9:02:35 下午 org.apache.catalina.startup.VersionLoggerListener log
信息: Server version:        Apache Tomcat/7.0.73
一月 14, 2017 9:02:35 下午 org.apache.catalina.startup.VersionLoggerListener log
信息: Server built:          Nov 7 2016 21:27:23 UTC
一月 14, 2017 9:02:35 下午 org.apache.catalina.startup.VersionLoggerListener log
信息: Server number:         7.0.73.0
一月 14, 2017 9:02:35 下午 org.apache.catalina.startup.VersionLoggerListener log
信息: OS Name:               Windows 7
一月 14, 2017 9:02:35 下午 org.apache.catalina.startup.VersionLoggerListener log
信息: OS Version:            6.1
一月 14, 2017 9:02:35 下午 org.apache.catalina.startup.VersionLoggerListener log
信息: Architecture:          amd64
一月 14, 2017 9:02:35 下午 org.apache.catalina.startup.VersionLoggerListener log
信息: Java Home:             C:\Program Files\Java\jre7
一月 14, 2017 9:02:35 下午 org.apache.catalina.startup.VersionLoggerListener log
信息: JVM Version:           1.7.0_80-b15
一月 14, 2017 9:02:35 下午 org.apache.catalina.startup.VersionLoggerListener log
信息: JVM Vendor:            Oracle Corporation
一月 14, 2017 9:02:35 下午 org.apache.catalina.startup.VersionLoggerListener log
信息: CATALINA_BASE:         F:\迅雷下载\apache-tomcat-7.0.73-no-cache
一月 14, 2017 9:02:35 下午 org.apache.catalina.startup.VersionLoggerListener log
信息: CATALINA_HOME:         F:\迅雷下载\apache-tomcat-7.0.73-no-cache
一月 14, 2017 9:02:35 下午 org.apache.catalina.startup.VersionLoggerListener log
信息: Command line argument: -Djdk.tls.ephemeralDHKeySize=2048
一月 14, 2017 9:02:35 下午 org.apache.catalina.startup.VersionLoggerListener log
信息: Command line argument: -Djava.util.logging.config.file=F:\迅雷下载\apache-tomcat-7.0.73-no-cache\conf\logging.properties
一月 14, 2017 9:02:35 下午 org.apache.catalina.startup.VersionLoggerListener log
信息: Command line argument: -Djava.util.logging.manager=org.apache.juli.ClassLoaderLogManager
一月 14, 2017 9:02:35 下午 org.apache.catalina.startup.VersionLoggerListener log
信息: Command line argument: -Djava.endorsed.dirs=F:\迅雷下载\apache-tomcat-7.0.73-no-cache\endorsed
一月 14, 2017 9:02:35 下午 org.apache.catalina.startup.VersionLoggerListener log
信息: Command line argument: -Dcatalina.base=F:\迅雷下载\apache-tomcat-7.0.73-no-cache
一月 14, 2017 9:02:35 下午 org.apache.catalina.startup.VersionLoggerListener log
信息: Command line argument: -Dcatalina.home=F:\迅雷下载\apache-tomcat-7.0.73-no-cache
一月 14, 2017 9:02:35 下午 org.apache.catalina.startup.VersionLoggerListener log
信息: Command line argument: -Djava.io.tmpdir=F:\迅雷下载\apache-tomcat-7.0.73-no-cache\temp
一月 14, 2017 9:02:35 下午 org.apache.catalina.core.AprLifecycleListener lifecycleEvent
信息: The APR based Apache Tomcat Native library which allows optimal performance in production environments was not found on the java.library.path: C:\Program Files\Java\jre7\bin;C:\windows\Sun\Java\bin;C:\windows\system32;C:\windows;C:\windows\system32;C:\windows;C:\windows\System32\Wbem;C:\windows\System32\WindowsPowerShell\v1.0\;C:\Program Files (x86)\NVIDIA Corporation\PhysX\Common;C:\Program Files (x86)\Microsoft SQL Server\90\Tools\binn\;C:\windows\SysWOW64\5097;C:\windows\SysWOW64\5097;C:\windows\SysWOW64;F:\javaer\apache-maven-3.3.9\bin;D:\TortoiseSVN\bin;.
一月 14, 2017 9:02:35 下午 org.apache.coyote.AbstractProtocol init
信息: Initializing ProtocolHandler ["http-bio-8080"]
一月 14, 2017 9:02:35 下午 org.apache.coyote.AbstractProtocol init
信息: Initializing ProtocolHandler ["ajp-bio-8009"]
一月 14, 2017 9:02:35 下午 org.apache.catalina.startup.Catalina load
信息: Initialization processed in 780 ms
一月 14, 2017 9:02:35 下午 org.apache.catalina.core.StandardService startInternal
信息: Starting service Catalina
一月 14, 2017 9:02:35 下午 org.apache.catalina.core.StandardEngine startInternal
信息: Starting Servlet Engine: Apache Tomcat/7.0.73
一月 14, 2017 9:02:35 下午 org.apache.catalina.startup.HostConfig deployDirectory
信息: Deploying web application directory F:\迅雷下载\apache-tomcat-7.0.73-no-cache\webapps\docs
一月 14, 2017 9:02:36 下午 org.apache.catalina.util.SessionIdGeneratorBase createSecureRandom
信息: Creation of SecureRandom instance for session ID generation using [SHA1PRNG] took [432] milliseconds.
一月 14, 2017 9:02:36 下午 org.apache.catalina.startup.HostConfig deployDirectory
信息: Deployment of web application directory F:\迅雷下载\apache-tomcat-7.0.73-no-cache\webapps\docs has finished in 936 ms
一月 14, 2017 9:02:36 下午 org.apache.catalina.startup.HostConfig deployDirectory
信息: Deploying web application directory F:\迅雷下载\apache-tomcat-7.0.73-no-cache\webapps\examples
一月 14, 2017 9:02:36 下午 org.apache.catalina.startup.HostConfig deployDirectory
信息: Deployment of web application directory F:\迅雷下载\apache-tomcat-7.0.73-no-cache\webapps\examples has finished in 487 ms
一月 14, 2017 9:02:36 下午 org.apache.catalina.startup.HostConfig deployDirectory
信息: Deploying web application directory F:\迅雷下载\apache-tomcat-7.0.73-no-cache\webapps\host-manager
一月 14, 2017 9:02:36 下午 org.apache.catalina.startup.HostConfig deployDirectory
信息: Deployment of web application directory F:\迅雷下载\apache-tomcat-7.0.73-no-cache\webapps\host-manager has finished in 88 ms
一月 14, 2017 9:02:36 下午 org.apache.catalina.startup.HostConfig deployDirectory
信息: Deploying web application directory F:\迅雷下载\apache-tomcat-7.0.73-no-cache\webapps\manager
一月 14, 2017 9:02:36 下午 org.apache.catalina.startup.HostConfig deployDirectory
信息: Deployment of web application directory F:\迅雷下载\apache-tomcat-7.0.73-no-cache\webapps\manager has finished in 59 ms
一月 14, 2017 9:02:36 下午 org.apache.catalina.startup.HostConfig deployDirectory
信息: Deploying web application directory F:\迅雷下载\apache-tomcat-7.0.73-no-cache\webapps\ROOT
一月 14, 2017 9:02:36 下午 org.apache.catalina.startup.HostConfig deployDirectory
信息: Deployment of web application directory F:\迅雷下载\apache-tomcat-7.0.73-no-cache\webapps\ROOT has finished in 66 ms
一月 14, 2017 9:02:36 下午 org.apache.coyote.AbstractProtocol start
信息: Starting ProtocolHandler ["http-bio-8080"]
一月 14, 2017 9:02:36 下午 org.apache.coyote.AbstractProtocol start
信息: Starting ProtocolHandler ["ajp-bio-8009"]
一月 14, 2017 9:02:36 下午 org.apache.catalina.startup.Catalina start
信息: Server startup in 1735 ms
一月 14, 2017 9:09:59 下午 org.apache.catalina.startup.VersionLoggerListener log
信息: Server version:        Apache Tomcat/7.0.73
一月 14, 2017 9:09:59 下午 org.apache.catalina.startup.VersionLoggerListener log
信息: Server built:          Nov 7 2016 21:27:23 UTC
一月 14, 2017 9:09:59 下午 org.apache.catalina.startup.VersionLoggerListener log
信息: Server number:         7.0.73.0
一月 14, 2017 9:09:59 下午 org.apache.catalina.startup.VersionLoggerListener log
信息: OS Name:               Windows 7
一月 14, 2017 9:09:59 下午 org.apache.catalina.startup.VersionLoggerListener log
信息: OS Version:            6.1
一月 14, 2017 9:09:59 下午 org.apache.catalina.startup.VersionLoggerListener log
信息: Architecture:          amd64
一月 14, 2017 9:09:59 下午 org.apache.catalina.startup.VersionLoggerListener log
信息: Java Home:             C:\Program Files\Java\jre7
一月 14, 2017 9:09:59 下午 org.apache.catalina.startup.VersionLoggerListener log
信息: JVM Version:           1.7.0_80-b15
一月 14, 2017 9:09:59 下午 org.apache.catalina.startup.VersionLoggerListener log
信息: JVM Vendor:            Oracle Corporation
一月 14, 2017 9:09:59 下午 org.apache.catalina.startup.VersionLoggerListener log
信息: CATALINA_BASE:         F:\迅雷下载\apache-tomcat-7.0.73-no-cache
一月 14, 2017 9:09:59 下午 org.apache.catalina.startup.VersionLoggerListener log
信息: CATALINA_HOME:         F:\迅雷下载\apache-tomcat-7.0.73-no-cache
一月 14, 2017 9:09:59 下午 org.apache.catalina.startup.VersionLoggerListener log
信息: Command line argument: -Djdk.tls.ephemeralDHKeySize=2048
一月 14, 2017 9:09:59 下午 org.apache.catalina.startup.VersionLoggerListener log
信息: Command line argument: -Djava.util.logging.config.file=F:\迅雷下载\apache-tomcat-7.0.73-no-cache\conf\logging.properties
一月 14, 2017 9:09:59 下午 org.apache.catalina.startup.VersionLoggerListener log
信息: Command line argument: -Djava.util.logging.manager=org.apache.juli.ClassLoaderLogManager
一月 14, 2017 9:09:59 下午 org.apache.catalina.startup.VersionLoggerListener log
信息: Command line argument: -Djava.endorsed.dirs=F:\迅雷下载\apache-tomcat-7.0.73-no-cache\endorsed
一月 14, 2017 9:09:59 下午 org.apache.catalina.startup.VersionLoggerListener log
信息: Command line argument: -Dcatalina.base=F:\迅雷下载\apache-tomcat-7.0.73-no-cache
一月 14, 2017 9:09:59 下午 org.apache.catalina.startup.VersionLoggerListener log
信息: Command line argument: -Dcatalina.home=F:\迅雷下载\apache-tomcat-7.0.73-no-cache
一月 14, 2017 9:09:59 下午 org.apache.catalina.startup.VersionLoggerListener log
信息: Command line argument: -Djava.io.tmpdir=F:\迅雷下载\apache-tomcat-7.0.73-no-cache\temp
一月 14, 2017 9:09:59 下午 org.apache.catalina.core.AprLifecycleListener lifecycleEvent
信息: The APR based Apache Tomcat Native library which allows optimal performance in production environments was not found on the java.library.path: C:\Program Files\Java\jre7\bin;C:\windows\Sun\Java\bin;C:\windows\system32;C:\windows;C:\windows\system32;C:\windows;C:\windows\System32\Wbem;C:\windows\System32\WindowsPowerShell\v1.0\;C:\Program Files (x86)\NVIDIA Corporation\PhysX\Common;C:\Program Files (x86)\Microsoft SQL Server\90\Tools\binn\;C:\windows\SysWOW64\5097;C:\windows\SysWOW64\5097;C:\windows\SysWOW64;F:\javaer\apache-maven-3.3.9\bin;D:\TortoiseSVN\bin;.
一月 14, 2017 9:09:59 下午 org.apache.coyote.AbstractProtocol init
信息: Initializing ProtocolHandler ["http-bio-8080"]
一月 14, 2017 9:09:59 下午 org.apache.coyote.AbstractProtocol init
信息: Initializing ProtocolHandler ["ajp-bio-8009"]
一月 14, 2017 9:09:59 下午 org.apache.catalina.startup.Catalina load
信息: Initialization processed in 775 ms
一月 14, 2017 9:09:59 下午 org.apache.catalina.core.StandardService startInternal
信息: Starting service Catalina
一月 14, 2017 9:09:59 下午 org.apache.catalina.core.StandardEngine startInternal
信息: Starting Servlet Engine: Apache Tomcat/7.0.73
一月 14, 2017 9:09:59 下午 org.apache.catalina.startup.HostConfig deployDirectory
信息: Deploying web application directory F:\迅雷下载\apache-tomcat-7.0.73-no-cache\webapps\docs
一月 14, 2017 9:10:00 下午 org.apache.catalina.util.SessionIdGeneratorBase createSecureRandom
信息: Creation of SecureRandom instance for session ID generation using [SHA1PRNG] took [453] milliseconds.
一月 14, 2017 9:10:00 下午 org.apache.catalina.startup.HostConfig deployDirectory
信息: Deployment of web application directory F:\迅雷下载\apache-tomcat-7.0.73-no-cache\webapps\docs has finished in 964 ms
一月 14, 2017 9:10:00 下午 org.apache.catalina.startup.HostConfig deployDirectory
信息: Deploying web application directory F:\迅雷下载\apache-tomcat-7.0.73-no-cache\webapps\examples
一月 14, 2017 9:10:00 下午 org.apache.catalina.startup.HostConfig deployDirectory
信息: Deployment of web application directory F:\迅雷下载\apache-tomcat-7.0.73-no-cache\webapps\examples has finished in 483 ms
一月 14, 2017 9:10:00 下午 org.apache.catalina.startup.HostConfig deployDirectory
信息: Deploying web application directory F:\迅雷下载\apache-tomcat-7.0.73-no-cache\webapps\host-manager
一月 14, 2017 9:10:00 下午 org.apache.catalina.startup.HostConfig deployDirectory
信息: Deployment of web application directory F:\迅雷下载\apache-tomcat-7.0.73-no-cache\webapps\host-manager has finished in 95 ms
一月 14, 2017 9:10:00 下午 org.apache.catalina.startup.HostConfig deployDirectory
信息: Deploying web application directory F:\迅雷下载\apache-tomcat-7.0.73-no-cache\webapps\manager
一月 14, 2017 9:10:00 下午 org.apache.catalina.startup.HostConfig deployDirectory
信息: Deployment of web application directory F:\迅雷下载\apache-tomcat-7.0.73-no-cache\webapps\manager has finished in 83 ms
一月 14, 2017 9:10:00 下午 org.apache.catalina.startup.HostConfig deployDirectory
信息: Deploying web application directory F:\迅雷下载\apache-tomcat-7.0.73-no-cache\webapps\ROOT
一月 14, 2017 9:10:01 下午 org.apache.catalina.startup.HostConfig deployDirectory
信息: Deployment of web application directory F:\迅雷下载\apache-tomcat-7.0.73-no-cache\webapps\ROOT has finished in 69 ms
一月 14, 2017 9:10:01 下午 org.apache.coyote.AbstractProtocol start
信息: Starting ProtocolHandler ["http-bio-8080"]
一月 14, 2017 9:10:01 下午 org.apache.coyote.AbstractProtocol start
信息: Starting ProtocolHandler ["ajp-bio-8009"]
一月 14, 2017 9:10:01 下午 org.apache.catalina.startup.Catalina start
信息: Server startup in 1788 ms
