四月 17, 2019 8:25:04 下午 org.apache.catalina.startup.VersionLoggerListener log
信息: Server version:        Apache Tomcat/7.0.73
四月 17, 2019 8:25:04 下午 org.apache.catalina.startup.VersionLoggerListener log
信息: Server built:          Nov 7 2016 21:27:23 UTC
四月 17, 2019 8:25:04 下午 org.apache.catalina.startup.VersionLoggerListener log
信息: Server number:         7.0.73.0
四月 17, 2019 8:25:04 下午 org.apache.catalina.startup.VersionLoggerListener log
信息: OS Name:               Windows 8.1
四月 17, 2019 8:25:04 下午 org.apache.catalina.startup.VersionLoggerListener log
信息: OS Version:            6.3
四月 17, 2019 8:25:04 下午 org.apache.catalina.startup.VersionLoggerListener log
信息: Architecture:          amd64
四月 17, 2019 8:25:04 下午 org.apache.catalina.startup.VersionLoggerListener log
信息: Java Home:             E:\software\jdk1.8.0_45\jre
四月 17, 2019 8:25:04 下午 org.apache.catalina.startup.VersionLoggerListener log
信息: JVM Version:           1.8.0_45-b15
四月 17, 2019 8:25:04 下午 org.apache.catalina.startup.VersionLoggerListener log
信息: JVM Vendor:            Oracle Corporation
四月 17, 2019 8:25:04 下午 org.apache.catalina.startup.VersionLoggerListener log
信息: CATALINA_BASE:         E:\文件文档\达内上的课程\6京淘项目\培优每日课前资料\京淘新版每日课前资料\Day15\4-dubbo\3-dubbo控制台\tomcat-dubbo
四月 17, 2019 8:25:04 下午 org.apache.catalina.startup.VersionLoggerListener log
信息: CATALINA_HOME:         E:\文件文档\达内上的课程\6京淘项目\培优每日课前资料\京淘新版每日课前资料\Day15\4-dubbo\3-dubbo控制台\tomcat-dubbo
四月 17, 2019 8:25:04 下午 org.apache.catalina.startup.VersionLoggerListener log
信息: Command line argument: -Djdk.tls.ephemeralDHKeySize=2048
四月 17, 2019 8:25:04 下午 org.apache.catalina.startup.VersionLoggerListener log
信息: Command line argument: -Djava.util.logging.config.file=E:\文件文档\达内上的课程\6京淘项目\培优每日课前资料\京淘新版每日课前资料\Day15\4-dubbo\3-dubbo控制台\tomcat-dubbo\conf\logging.properties
四月 17, 2019 8:25:04 下午 org.apache.catalina.startup.VersionLoggerListener log
信息: Command line argument: -Djava.util.logging.manager=org.apache.juli.ClassLoaderLogManager
四月 17, 2019 8:25:04 下午 org.apache.catalina.startup.VersionLoggerListener log
信息: Command line argument: -Djava.endorsed.dirs=E:\文件文档\达内上的课程\6京淘项目\培优每日课前资料\京淘新版每日课前资料\Day15\4-dubbo\3-dubbo控制台\tomcat-dubbo\endorsed
四月 17, 2019 8:25:04 下午 org.apache.catalina.startup.VersionLoggerListener log
信息: Command line argument: -Dcatalina.base=E:\文件文档\达内上的课程\6京淘项目\培优每日课前资料\京淘新版每日课前资料\Day15\4-dubbo\3-dubbo控制台\tomcat-dubbo
四月 17, 2019 8:25:04 下午 org.apache.catalina.startup.VersionLoggerListener log
信息: Command line argument: -Dcatalina.home=E:\文件文档\达内上的课程\6京淘项目\培优每日课前资料\京淘新版每日课前资料\Day15\4-dubbo\3-dubbo控制台\tomcat-dubbo
四月 17, 2019 8:25:04 下午 org.apache.catalina.startup.VersionLoggerListener log
信息: Command line argument: -Djava.io.tmpdir=E:\文件文档\达内上的课程\6京淘项目\培优每日课前资料\京淘新版每日课前资料\Day15\4-dubbo\3-dubbo控制台\tomcat-dubbo\temp
四月 17, 2019 8:25:04 下午 org.apache.catalina.core.AprLifecycleListener lifecycleEvent
信息: The APR based Apache Tomcat Native library which allows optimal performance in production environments was not found on the java.library.path: E:\software\jdk1.8.0_45\bin;C:\WINDOWS\Sun\Java\bin;C:\WINDOWS\system32;C:\WINDOWS;C:\Program Files (x86)\Intel\iCLS Client\;C:\Program Files\Intel\iCLS Client\;C:\WINDOWS\system32;C:\WINDOWS;C:\WINDOWS\System32\Wbem;C:\WINDOWS\System32\WindowsPowerShell\v1.0\;C:\Program Files (x86)\Intel\Intel(R) Management Engine Components\DAL;C:\Program Files\Intel\Intel(R) Management Engine Components\DAL;C:\Program Files (x86)\Intel\Intel(R) Management Engine Components\IPT;C:\Program Files\Intel\Intel(R) Management Engine Components\IPT;E:\software\jdk1.8.0_45\bin;E:\software\apache-maven-3.5.0\bin;E:\software\MySQL Server 5.5\bin;C:\WINDOWS\System32\OpenSSH\;C:\Program Files\Intel\WiFi\bin\;C:\Program Files\Common Files\Intel\WirelessCommon\;C:\Users\LYJ\AppData\Local\Microsoft\WindowsApps;C:\Users\LYJ\AppData\Local\GitHubDesktop\bin;.
四月 17, 2019 8:25:05 下午 org.apache.coyote.AbstractProtocol init
信息: Initializing ProtocolHandler ["http-bio-8090"]
四月 17, 2019 8:25:05 下午 org.apache.coyote.AbstractProtocol init
信息: Initializing ProtocolHandler ["ajp-bio-8009"]
四月 17, 2019 8:25:05 下午 org.apache.catalina.startup.Catalina load
信息: Initialization processed in 711 ms
四月 17, 2019 8:25:05 下午 org.apache.catalina.core.StandardService startInternal
信息: Starting service Catalina
四月 17, 2019 8:25:05 下午 org.apache.catalina.core.StandardEngine startInternal
信息: Starting Servlet Engine: Apache Tomcat/7.0.73
四月 17, 2019 8:25:05 下午 org.apache.catalina.startup.HostConfig deployDirectory
信息: Deploying web application directory E:\文件文档\达内上的课程\6京淘项目\培优每日课前资料\京淘新版每日课前资料\Day15\4-dubbo\3-dubbo控制台\tomcat-dubbo\webapps\docs
四月 17, 2019 8:25:05 下午 org.apache.catalina.util.SessionIdGeneratorBase createSecureRandom
信息: Creation of SecureRandom instance for session ID generation using [SHA1PRNG] took [190] milliseconds.
四月 17, 2019 8:25:05 下午 org.apache.catalina.startup.HostConfig deployDirectory
信息: Deployment of web application directory E:\文件文档\达内上的课程\6京淘项目\培优每日课前资料\京淘新版每日课前资料\Day15\4-dubbo\3-dubbo控制台\tomcat-dubbo\webapps\docs has finished in 658 ms
四月 17, 2019 8:25:05 下午 org.apache.catalina.startup.HostConfig deployDirectory
信息: Deploying web application directory E:\文件文档\达内上的课程\6京淘项目\培优每日课前资料\京淘新版每日课前资料\Day15\4-dubbo\3-dubbo控制台\tomcat-dubbo\webapps\examples
四月 17, 2019 8:25:06 下午 org.apache.catalina.startup.HostConfig deployDirectory
信息: Deployment of web application directory E:\文件文档\达内上的课程\6京淘项目\培优每日课前资料\京淘新版每日课前资料\Day15\4-dubbo\3-dubbo控制台\tomcat-dubbo\webapps\examples has finished in 918 ms
四月 17, 2019 8:25:06 下午 org.apache.catalina.startup.HostConfig deployDirectory
信息: Deploying web application directory E:\文件文档\达内上的课程\6京淘项目\培优每日课前资料\京淘新版每日课前资料\Day15\4-dubbo\3-dubbo控制台\tomcat-dubbo\webapps\host-manager
四月 17, 2019 8:25:06 下午 org.apache.catalina.startup.HostConfig deployDirectory
信息: Deployment of web application directory E:\文件文档\达内上的课程\6京淘项目\培优每日课前资料\京淘新版每日课前资料\Day15\4-dubbo\3-dubbo控制台\tomcat-dubbo\webapps\host-manager has finished in 101 ms
四月 17, 2019 8:25:06 下午 org.apache.catalina.startup.HostConfig deployDirectory
信息: Deploying web application directory E:\文件文档\达内上的课程\6京淘项目\培优每日课前资料\京淘新版每日课前资料\Day15\4-dubbo\3-dubbo控制台\tomcat-dubbo\webapps\manager
四月 17, 2019 8:25:06 下午 org.apache.catalina.startup.HostConfig deployDirectory
信息: Deployment of web application directory E:\文件文档\达内上的课程\6京淘项目\培优每日课前资料\京淘新版每日课前资料\Day15\4-dubbo\3-dubbo控制台\tomcat-dubbo\webapps\manager has finished in 63 ms
四月 17, 2019 8:25:06 下午 org.apache.catalina.startup.HostConfig deployDirectory
信息: Deploying web application directory E:\文件文档\达内上的课程\6京淘项目\培优每日课前资料\京淘新版每日课前资料\Day15\4-dubbo\3-dubbo控制台\tomcat-dubbo\webapps\ROOT
四月 17, 2019 8:25:11 下午 org.apache.catalina.startup.TldConfig execute
信息: At least one JAR was scanned for TLDs yet contained no TLDs. Enable debug logging for this logger for a complete list of JARs that were scanned but no TLDs were found in them. Skipping unneeded JARs during scanning can improve startup time and JSP compilation time.
四月 17, 2019 8:25:41 下午 org.apache.catalina.startup.HostConfig deployDirectory
信息: Deployment of web application directory E:\文件文档\达内上的课程\6京淘项目\培优每日课前资料\京淘新版每日课前资料\Day15\4-dubbo\3-dubbo控制台\tomcat-dubbo\webapps\ROOT has finished in 34,783 ms
四月 17, 2019 8:25:41 下午 org.apache.coyote.AbstractProtocol start
信息: Starting ProtocolHandler ["http-bio-8090"]
四月 17, 2019 8:25:41 下午 org.apache.coyote.AbstractProtocol start
信息: Starting ProtocolHandler ["ajp-bio-8009"]
四月 17, 2019 8:25:41 下午 org.apache.catalina.startup.Catalina start
信息: Server startup in 36656 ms
