六月 21, 2018 12:25:35 下午 org.apache.catalina.core.ApplicationContext log
INFO: No Spring WebApplicationInitializer types detected on classpath
六月 21, 2018 12:25:35 下午 org.apache.catalina.core.ApplicationContext log
INFO: Initializing log4j system
六月 21, 2018 12:25:35 下午 org.apache.catalina.core.ApplicationContext log
INFO: Initializing Spring root WebApplicationContext
六月 21, 2018 12:26:05 下午 org.apache.catalina.core.ApplicationContext log
INFO: Initializing Spring sub WebApplicationContext: home
六月 21, 2018 12:26:08 下午 org.apache.catalina.core.ApplicationContext log
INFO: Initializing Spring sub WebApplicationContext: personal
六月 21, 2018 12:26:10 下午 org.apache.catalina.core.ApplicationContext log
INFO: Initializing Spring sub WebApplicationContext: sysmanage
六月 21, 2018 12:26:12 下午 org.apache.catalina.core.ApplicationContext log
INFO: Initializing Spring sub WebApplicationContext: sysinfo
六月 21, 2018 12:26:13 下午 org.apache.catalina.core.ApplicationContext log
INFO: Initializing Spring sub WebApplicationContext: governance
六月 21, 2018 12:26:15 下午 org.apache.catalina.core.ApplicationContext log
INFO: WebxComponents: initialization completed
六月 21, 2018 12:26:15 下午 org.apache.catalina.core.ApplicationContext log
INFO: Initializing filter: mdc
六月 21, 2018 12:26:15 下午 org.apache.catalina.core.ApplicationContext log
INFO: SetLoggingContextFilter - mdc: initialization completed
六月 21, 2018 12:26:15 下午 org.apache.catalina.core.ApplicationContext log
INFO: Initializing filter: webx
六月 21, 2018 12:26:15 下午 org.apache.catalina.core.ApplicationContext log
INFO: WebxFrameworkFilter - webx: initialization completed
六月 21, 2018 12:26:17 下午 org.apache.catalina.core.ApplicationContext log
INFO: ContextListener: contextInitialized()
六月 21, 2018 12:26:17 下午 org.apache.catalina.core.ApplicationContext log
INFO: SessionListener: contextInitialized()
六月 21, 2018 12:26:17 下午 org.apache.catalina.core.ApplicationContext log
INFO: ContextListener: attributeAdded('org.apache.jasper.compiler.TldLocationsCache', 'org.apache.jasper.compiler.TldLocationsCache@60d77020')
六月 21, 2018 12:28:07 下午 org.apache.catalina.core.ApplicationContext log
INFO: No Spring WebApplicationInitializer types detected on classpath
六月 21, 2018 12:28:07 下午 org.apache.catalina.core.ApplicationContext log
INFO: Initializing log4j system
六月 21, 2018 12:28:08 下午 org.apache.catalina.core.ApplicationContext log
INFO: Initializing Spring root WebApplicationContext
六月 21, 2018 12:28:36 下午 org.apache.catalina.core.ApplicationContext log
INFO: Initializing Spring sub WebApplicationContext: home
六月 21, 2018 12:28:38 下午 org.apache.catalina.core.ApplicationContext log
INFO: Initializing Spring sub WebApplicationContext: personal
六月 21, 2018 12:28:40 下午 org.apache.catalina.core.ApplicationContext log
INFO: Initializing Spring sub WebApplicationContext: sysmanage
六月 21, 2018 12:28:41 下午 org.apache.catalina.core.ApplicationContext log
INFO: Initializing Spring sub WebApplicationContext: sysinfo
六月 21, 2018 12:28:43 下午 org.apache.catalina.core.ApplicationContext log
INFO: Initializing Spring sub WebApplicationContext: governance
六月 21, 2018 12:28:44 下午 org.apache.catalina.core.ApplicationContext log
INFO: WebxComponents: initialization completed
六月 21, 2018 12:28:44 下午 org.apache.catalina.core.ApplicationContext log
INFO: Initializing filter: mdc
六月 21, 2018 12:28:44 下午 org.apache.catalina.core.ApplicationContext log
INFO: SetLoggingContextFilter - mdc: initialization completed
六月 21, 2018 12:28:44 下午 org.apache.catalina.core.ApplicationContext log
INFO: Initializing filter: webx
六月 21, 2018 12:28:44 下午 org.apache.catalina.core.ApplicationContext log
INFO: WebxFrameworkFilter - webx: initialization completed
六月 21, 2018 12:28:44 下午 org.apache.catalina.core.ApplicationContext log
INFO: ContextListener: contextInitialized()
六月 21, 2018 12:28:44 下午 org.apache.catalina.core.ApplicationContext log
INFO: SessionListener: contextInitialized()
六月 21, 2018 12:28:44 下午 org.apache.catalina.core.ApplicationContext log
INFO: ContextListener: attributeAdded('org.apache.jasper.compiler.TldLocationsCache', 'org.apache.jasper.compiler.TldLocationsCache@6f77c770')
六月 21, 2018 1:11:49 下午 org.apache.catalina.core.ApplicationContext log
INFO: ContextListener: contextInitialized()
六月 21, 2018 1:11:49 下午 org.apache.catalina.core.ApplicationContext log
INFO: SessionListener: contextInitialized()
六月 21, 2018 1:11:49 下午 org.apache.catalina.core.ApplicationContext log
INFO: ContextListener: attributeAdded('org.apache.jasper.compiler.TldLocationsCache', 'org.apache.jasper.compiler.TldLocationsCache@d14fda5')
六月 21, 2018 1:11:52 下午 org.apache.catalina.core.ApplicationContext log
INFO: No Spring WebApplicationInitializer types detected on classpath
六月 21, 2018 1:11:52 下午 org.apache.catalina.core.ApplicationContext log
INFO: Initializing log4j system
六月 21, 2018 1:11:52 下午 org.apache.catalina.core.ApplicationContext log
INFO: Initializing Spring root WebApplicationContext
六月 21, 2018 1:12:13 下午 org.apache.catalina.core.ApplicationContext log
INFO: Initializing Spring sub WebApplicationContext: home
六月 21, 2018 1:12:16 下午 org.apache.catalina.core.ApplicationContext log
INFO: Initializing Spring sub WebApplicationContext: personal
六月 21, 2018 1:12:19 下午 org.apache.catalina.core.ApplicationContext log
INFO: Initializing Spring sub WebApplicationContext: sysmanage
六月 21, 2018 1:12:22 下午 org.apache.catalina.core.ApplicationContext log
INFO: Initializing Spring sub WebApplicationContext: sysinfo
六月 21, 2018 1:12:24 下午 org.apache.catalina.core.ApplicationContext log
INFO: Initializing Spring sub WebApplicationContext: governance
六月 21, 2018 1:12:27 下午 org.apache.catalina.core.ApplicationContext log
INFO: WebxComponents: initialization completed
六月 21, 2018 1:12:27 下午 org.apache.catalina.core.ApplicationContext log
INFO: Initializing filter: mdc
六月 21, 2018 1:12:27 下午 org.apache.catalina.core.ApplicationContext log
INFO: SetLoggingContextFilter - mdc: initialization completed
六月 21, 2018 1:12:27 下午 org.apache.catalina.core.ApplicationContext log
INFO: Initializing filter: webx
六月 21, 2018 1:12:27 下午 org.apache.catalina.core.ApplicationContext log
INFO: WebxFrameworkFilter - webx: initialization completed
