六月 06, 2018 10:31:53 上午 org.apache.catalina.core.ApplicationContext log
INFO: ContextListener: contextInitialized()
六月 06, 2018 10:31:53 上午 org.apache.catalina.core.ApplicationContext log
INFO: SessionListener: contextInitialized()
六月 06, 2018 10:31:53 上午 org.apache.catalina.core.ApplicationContext log
INFO: ContextListener: attributeAdded('org.apache.jasper.compiler.TldLocationsCache', 'org.apache.jasper.compiler.TldLocationsCache@59ac004c')
六月 06, 2018 10:35:33 上午 org.apache.catalina.core.ApplicationContext log
INFO: ContextListener: contextInitialized()
六月 06, 2018 10:35:33 上午 org.apache.catalina.core.ApplicationContext log
INFO: SessionListener: contextInitialized()
六月 06, 2018 10:35:33 上午 org.apache.catalina.core.ApplicationContext log
INFO: ContextListener: attributeAdded('org.apache.jasper.compiler.TldLocationsCache', 'org.apache.jasper.compiler.TldLocationsCache@6b827697')
六月 06, 2018 10:42:49 上午 org.apache.catalina.core.ApplicationContext log
INFO: No Spring WebApplicationInitializer types detected on classpath
六月 06, 2018 10:42:49 上午 org.apache.catalina.core.ApplicationContext log
INFO: Initializing Spring FrameworkServlet 'springmvc'
六月 06, 2018 10:42:53 上午 org.apache.catalina.core.ApplicationContext log
INFO: ContextListener: contextInitialized()
六月 06, 2018 10:42:53 上午 org.apache.catalina.core.ApplicationContext log
INFO: SessionListener: contextInitialized()
六月 06, 2018 10:42:53 上午 org.apache.catalina.core.ApplicationContext log
INFO: ContextListener: attributeAdded('org.apache.jasper.compiler.TldLocationsCache', 'org.apache.jasper.compiler.TldLocationsCache@5f95490a')
六月 06, 2018 2:29:43 下午 org.apache.catalina.core.ApplicationContext log
INFO: No Spring WebApplicationInitializer types detected on classpath
六月 06, 2018 2:29:43 下午 org.apache.catalina.core.ApplicationContext log
INFO: Initializing Spring FrameworkServlet 'springmvc'
六月 06, 2018 2:29:47 下午 org.apache.catalina.core.ApplicationContext log
INFO: ContextListener: contextInitialized()
六月 06, 2018 2:29:47 下午 org.apache.catalina.core.ApplicationContext log
INFO: SessionListener: contextInitialized()
六月 06, 2018 2:29:47 下午 org.apache.catalina.core.ApplicationContext log
INFO: ContextListener: attributeAdded('org.apache.jasper.compiler.TldLocationsCache', 'org.apache.jasper.compiler.TldLocationsCache@1e46d2ba')
