四月 17, 2019 8:25:06 下午 org.apache.catalina.core.ApplicationContext log
信息: ContextListener: contextInitialized()
四月 17, 2019 8:25:06 下午 org.apache.catalina.core.ApplicationContext log
信息: SessionListener: contextInitialized()
四月 17, 2019 8:25:06 下午 org.apache.catalina.core.ApplicationContext log
信息: ContextListener: attributeAdded('org.apache.jasper.compiler.TldLocationsCache', 'org.apache.jasper.compiler.TldLocationsCache@626efde0')
四月 17, 2019 8:25:11 下午 org.apache.catalina.core.ApplicationContext log
信息: No Spring WebApplicationInitializer types detected on classpath
四月 17, 2019 8:25:11 下午 org.apache.catalina.core.ApplicationContext log
信息: Initializing log4j system
四月 17, 2019 8:25:12 下午 org.apache.catalina.core.ApplicationContext log
信息: Initializing Spring root WebApplicationContext
四月 17, 2019 8:25:31 下午 org.apache.catalina.core.ApplicationContext log
信息: Initializing Spring sub WebApplicationContext: sysmanage
四月 17, 2019 8:25:34 下午 org.apache.catalina.core.ApplicationContext log
信息: Initializing Spring sub WebApplicationContext: sysinfo
四月 17, 2019 8:25:36 下午 org.apache.catalina.core.ApplicationContext log
信息: Initializing Spring sub WebApplicationContext: personal
四月 17, 2019 8:25:38 下午 org.apache.catalina.core.ApplicationContext log
信息: Initializing Spring sub WebApplicationContext: governance
四月 17, 2019 8:25:39 下午 org.apache.catalina.core.ApplicationContext log
信息: Initializing Spring sub WebApplicationContext: home
四月 17, 2019 8:25:41 下午 org.apache.catalina.core.ApplicationContext log
信息: WebxComponents: initialization completed
四月 17, 2019 8:25:41 下午 org.apache.catalina.core.ApplicationContext log
信息: Initializing filter: webx
四月 17, 2019 8:25:41 下午 org.apache.catalina.core.ApplicationContext log
信息: WebxFrameworkFilter - webx: initialization completed
四月 17, 2019 8:25:41 下午 org.apache.catalina.core.ApplicationContext log
信息: Initializing filter: mdc
四月 17, 2019 8:25:41 下午 org.apache.catalina.core.ApplicationContext log
信息: SetLoggingContextFilter - mdc: initialization completed
